<?xml version="1.0" encoding="UTF-8"?>
<!-- Generated by org.testng.reporters.JUnitReportReporter -->
<testsuite hostname="DESKTOP-8REO4R3" failures="0" tests="1" name="SumValidation" time="1.450" errors="0" timestamp="2022-06-07T12:19:00 IST" skipped="0">
  <testcase classname="SumValidation" name="sumOfCourses" time="1.450"/>
  <system-out/>
</testsuite> <!-- SumValidation -->
