<?xml version="1.0" encoding="UTF-8"?>
<!-- Generated by org.testng.reporters.JUnitReportReporter -->
<testsuite hostname="DESKTOP-8REO4R3" failures="0" tests="3" name="files.DynamicJson" time="3.046" errors="0" timestamp="2022-06-07T16:34:00 IST" skipped="0">
  <testcase classname="files.DynamicJson" name="addBook" time="0.187"/>
  <system-out/>
  <testcase classname="files.DynamicJson" name="addBook" time="2.636"/>
  <system-out/>
  <testcase classname="files.DynamicJson" name="addBook" time="0.223"/>
  <system-out/>
</testsuite> <!-- files.DynamicJson -->
